<?xml version="1.0" encoding="UTF-8"?>
<!-- Generated by org.testng.reporters.JUnitReportReporter -->
<testsuite hostname="Ahmad" failures="0" tests="1" name="ThisKeyword.A_demo" time="0.012" errors="0" timestamp="2024-08-01T13:02:30 EDT" skipped="0">
  <testcase classname="ThisKeyword.A_demo" name="getData" time="0.012"/>
  <system-out/>
</testsuite> <!-- ThisKeyword.A_demo -->
