<?xml version="1.0" encoding="UTF-8"?>
<!-- Generated by org.testng.reporters.JUnitReportReporter -->
<testsuite hostname="Ahmad" failures="0" tests="1" name="training" time="0.011" errors="0" timestamp="2024-05-06T00:02:06 EDT" skipped="0">
  <testcase classname="training" name="T_SteamsTest" time="0.011"/>
  <system-out/>
</testsuite> <!-- training -->
