<?xml version="1.0" encoding="UTF-8"?>
<!-- Generated by org.testng.reporters.JUnitReportReporter -->
<testsuite hostname="Ahmad" failures="0" tests="4" name="JavaPkg.E_Strings" time="0.011" errors="0" timestamp="2024-07-31T22:55:37 EDT" skipped="1">
  <testcase classname="JavaPkg.E_Strings" name="StrinsSplitting_B" time="0.001"/>
  <system-out/>
  <testcase classname="JavaPkg.E_Strings" name="StringsBasicsOne" time="0.008"/>
  <system-out/>
  <testcase classname="JavaPkg.E_Strings" name="StrinsSplitting_A" time="0.002"/>
  <system-out/>
  <testcase classname="JavaPkg.E_Strings" name="StringBasicsTwo">
    <skipped/>
  </testcase> <!-- StringBasicsTwo -->
  <system-out/>
</testsuite> <!-- JavaPkg.E_Strings -->
