<?xml version="1.0" encoding="UTF-8"?>
<!-- Generated by org.testng.reporters.JUnitReportReporter -->
<testsuite hostname="Ahmad" failures="0" tests="1" name="JavaPkg.D_2_Static_methods2" time="0.007" errors="0" timestamp="2024-07-31T22:43:37 EDT" skipped="0">
  <testcase classname="JavaPkg.D_2_Static_methods2" name="D_write" time="0.007"/>
  <system-out/>
</testsuite> <!-- JavaPkg.D_2_Static_methods2 -->
