<?xml version="1.0" encoding="UTF-8"?>
<!-- Generated by org.testng.reporters.JUnitReportReporter -->
<testsuite hostname="Aelaina" failures="0" tests="1" name="JavaPkg.z" time="0.007" errors="0" timestamp="2023-09-07T22:46:54 EDT" skipped="0">
  <testcase classname="JavaPkg.z" name="rt" time="0.007"/>
  <system-out/>
</testsuite> <!-- JavaPkg.z -->
