<?xml version="1.0" encoding="UTF-8"?>
<!-- Generated by org.testng.reporters.JUnitReportReporter -->
<testsuite hostname="Aelaina" failures="0" tests="1" name="JavaPkg.D_2methods2" time="0.008" errors="0" timestamp="2023-09-14T18:51:40 EDT" skipped="0">
  <testcase classname="JavaPkg.D_2methods2" name="D_write" time="0.008"/>
  <system-out/>
</testsuite> <!-- JavaPkg.D_2methods2 -->
