<?xml version="1.0" encoding="UTF-8"?>
<!-- Generated by org.testng.reporters.JUnitReportReporter -->
<testsuite hostname="BigLenovo" failures="0" tests="1" name="ThisKeyword.demo" time="0.010" errors="0" timestamp="2023-02-12T23:13:39 EST" skipped="0">
  <testcase classname="ThisKeyword.demo" name="getData" time="0.010"/>
  <system-out/>
</testsuite> <!-- ThisKeyword.demo -->
