<?xml version="1.0" encoding="UTF-8"?>
<!-- Generated by org.testng.reporters.JUnitReportReporter -->
<testsuite hostname="Aelaina" failures="0" tests="1" name="JavaPkg.P_basicBasics" time="0.009" errors="0" timestamp="2023-09-08T01:03:09 EDT" skipped="0">
  <testcase classname="JavaPkg.P_basicBasics" name="rt" time="0.009"/>
  <system-out/>
</testsuite> <!-- JavaPkg.P_basicBasics -->
