<?xml version="1.0" encoding="UTF-8"?>
<!-- Generated by org.testng.reporters.JUnitReportReporter -->
<testsuite hostname="Ahmad" failures="0" tests="3" name="JavaPkg.training" time="0.007" errors="0" timestamp="2024-05-14T22:05:21 EDT" skipped="0">
  <testcase classname="JavaPkg.training" name="login" time="0.000"/>
  <system-out/>
  <testcase classname="JavaPkg.training" name="login" time="0.000"/>
  <system-out/>
  <testcase classname="JavaPkg.training" name="login" time="0.007"/>
  <system-out/>
</testsuite> <!-- JavaPkg.training -->
