<?xml version="1.0" encoding="UTF-8"?>
<!-- Generated by org.testng.reporters.JUnitReportReporter -->
<testsuite hostname="BigLenovo" failures="0" tests="1" name="streamExamples.U_Streams" time="0.011" errors="0" timestamp="2023-05-18T01:40:26 EDT" skipped="0">
  <testcase classname="streamExamples.U_Streams" name="U_StreamsTest" time="0.011"/>
  <system-out/>
</testsuite> <!-- streamExamples.U_Streams -->
