<?xml version="1.0" encoding="UTF-8"?>
<!-- Generated by org.testng.reporters.JUnitReportReporter -->
<testsuite hostname="BigLenovo" failures="0" tests="1" name="streamExamples.J_Streams" time="0.015" errors="0" timestamp="2023-05-17T00:24:23 EDT" skipped="0">
  <testcase classname="streamExamples.J_Streams" name="J_StreamsTest" time="0.015"/>
  <system-out/>
</testsuite> <!-- streamExamples.J_Streams -->
