<?xml version="1.0" encoding="UTF-8"?>
<!-- Generated by org.testng.reporters.JUnitReportReporter -->
<testsuite hostname="BigLenovo" failures="0" tests="1" name="streamExamples.N_Streams" time="0.012" errors="0" timestamp="2023-05-17T19:08:47 EDT" skipped="0">
  <testcase classname="streamExamples.N_Streams" name="N_StreamsTest" time="0.012"/>
  <system-out/>
</testsuite> <!-- streamExamples.N_Streams -->
