<?xml version="1.0" encoding="UTF-8"?>
<!-- Generated by org.testng.reporters.JUnitReportReporter -->
<testsuite hostname="BigLenovo" failures="0" tests="1" name="streamExamples.M_Streams" time="0.008" errors="0" timestamp="2023-05-17T19:03:37 EDT" skipped="0">
  <testcase classname="streamExamples.M_Streams" name="M_StreamsTest" time="0.008"/>
  <system-out/>
</testsuite> <!-- streamExamples.M_Streams -->
