<?xml version="1.0" encoding="UTF-8"?>
<!-- Generated by org.testng.reporters.JUnitReportReporter -->
<testsuite hostname="BigLenovo" failures="0" tests="1" name="streamExamples.D_Streams" time="0.007" errors="0" timestamp="2023-05-16T19:07:13 EDT" skipped="0">
  <testcase classname="streamExamples.D_Streams" name="D_Streamstest" time="0.007"/>
  <system-out/>
</testsuite> <!-- streamExamples.D_Streams -->
