<?xml version="1.0" encoding="UTF-8"?>
<!-- Generated by org.testng.reporters.JUnitReportReporter -->
<testsuite hostname="BigLenovo" failures="0" tests="1" name="streamExamples.T_Steams" time="0.010" errors="0" timestamp="2023-05-18T01:10:00 EDT" skipped="0">
  <testcase classname="streamExamples.T_Steams" name="T_SteamsTest" time="0.010"/>
  <system-out/>
</testsuite> <!-- streamExamples.T_Steams -->
