<?xml version="1.0" encoding="UTF-8"?>
<!-- Generated by org.testng.reporters.JUnitReportReporter -->
<testsuite hostname="BigLenovo" failures="0" tests="1" name="streamExamples.E_Streams" time="0.009" errors="0" timestamp="2023-05-16T19:25:09 EDT" skipped="0">
  <testcase classname="streamExamples.E_Streams" name="E_StreamsTest" time="0.009"/>
  <system-out/>
</testsuite> <!-- streamExamples.E_Streams -->
