<?xml version="1.0" encoding="UTF-8"?>
<!-- Generated by org.testng.reporters.JUnitReportReporter -->
<testsuite hostname="Aelaina" failures="0" tests="1" name="streamExamples.Q_CRUCIAL_Streams" time="10.917" errors="0" timestamp="2023-08-08T22:54:38 EDT" skipped="0">
  <testcase classname="streamExamples.Q_CRUCIAL_Streams" name="Q_StreamsTest" time="10.917"/>
  <system-out/>
</testsuite> <!-- streamExamples.Q_CRUCIAL_Streams -->
