<?xml version="1.0" encoding="UTF-8"?>
<!-- Generated by org.testng.reporters.JUnitReportReporter -->
<testsuite hostname="BigLenovo" failures="0" tests="1" name="streamExamples.B_Streams" time="0.012" errors="0" timestamp="2023-06-02T23:56:31 EDT" skipped="0">
  <testcase classname="streamExamples.B_Streams" name="B_StreamTest" time="0.012"/>
  <system-out/>
</testsuite> <!-- streamExamples.B_Streams -->
