<?xml version="1.0" encoding="UTF-8"?>
<!-- Generated by org.testng.reporters.JUnitReportReporter -->
<testsuite hostname="Ahmad" failures="0" tests="1" name="streamExamples.A1_Streams_sorting" time="5.634" errors="0" timestamp="2024-10-09T20:45:00 EDT" skipped="0">
  <testcase classname="streamExamples.A1_Streams_sorting" name="A1_Streams_sortingTest" time="5.634"/>
  <system-out/>
</testsuite> <!-- streamExamples.A1_Streams_sorting -->
