<?xml version="1.0" encoding="UTF-8"?>
<!-- Generated by org.testng.reporters.JUnitReportReporter -->
<testsuite hostname="Aelaina" failures="0" tests="1" name="streamExamples.F1_Streams_DeepDive_functional_multi" time="6.557" errors="0" timestamp="2023-08-17T21:18:31 EDT" skipped="0">
  <testcase classname="streamExamples.F1_Streams_DeepDive_functional_multi" name="F1_Streams_DeepDive_functional_multiTest" time="6.557"/>
  <system-out/>
</testsuite> <!-- streamExamples.F1_Streams_DeepDive_functional_multi -->
