<?xml version="1.0" encoding="UTF-8"?>
<!-- Generated by org.testng.reporters.JUnitReportReporter -->
<testsuite hostname="Aelaina" failures="0" tests="1" name="streamExamples.A_ApreRequisite" time="0.008" errors="0" timestamp="2023-09-12T22:04:32 EDT" skipped="0">
  <testcase classname="streamExamples.A_ApreRequisite" name="valueStored" time="0.008"/>
  <system-out/>
</testsuite> <!-- streamExamples.A_ApreRequisite -->
