<?xml version="1.0" encoding="UTF-8"?>
<!-- Generated by org.testng.reporters.JUnitReportReporter -->
<testsuite hostname="BigLenovo" failures="0" tests="1" name="streamExamples.F_Streams" time="0.011" errors="0" timestamp="2023-05-16T21:05:54 EDT" skipped="0">
  <testcase classname="streamExamples.F_Streams" name="F_StreamsTest" time="0.011"/>
  <system-out/>
</testsuite> <!-- streamExamples.F_Streams -->
