<?xml version="1.0" encoding="UTF-8"?>
<!-- Generated by org.testng.reporters.JUnitReportReporter -->
<testsuite hostname="BigLenovo" failures="0" tests="1" name="streamExamples.X_LocatorSill_part2" time="16.992" errors="0" timestamp="2023-05-24T18:53:39 EDT" skipped="0">
  <testcase classname="streamExamples.X_LocatorSill_part2" name="X_LocatorSill_part2Test" time="16.992"/>
  <system-out/>
</testsuite> <!-- streamExamples.X_LocatorSill_part2 -->
