<?xml version="1.0" encoding="UTF-8"?>
<!-- Generated by org.testng.reporters.JUnitReportReporter -->
<testsuite hostname="BigLenovo" failures="0" tests="1" name="streamExamples.Y_Streams_FilteringWebElement" time="4.038" errors="0" timestamp="2023-05-25T00:14:22 EDT" skipped="0">
  <testcase classname="streamExamples.Y_Streams_FilteringWebElement" name="Y_Streams_FilteringWebElementTest" time="4.038"/>
  <system-out/>
</testsuite> <!-- streamExamples.Y_Streams_FilteringWebElement -->
