<?xml version="1.0" encoding="UTF-8"?>
<!-- Generated by org.testng.reporters.JUnitReportReporter -->
<testsuite hostname="BigLenovo" failures="0" tests="1" name="streamExamples.V_Streams_FilteringWebTable" time="4.956" errors="0" timestamp="2023-05-24T18:04:34 EDT" skipped="0">
  <testcase classname="streamExamples.V_Streams_FilteringWebTable" name="V_Filtering_WebTableTest" time="4.956"/>
  <system-out/>
</testsuite> <!-- streamExamples.V_Streams_FilteringWebTable -->
