<?xml version="1.0" encoding="UTF-8"?>
<!-- Generated by org.testng.reporters.JUnitReportReporter -->
<testsuite hostname="Ahmad" failures="0" tests="1" name="streamExamples.S_Streams" time="0.014" errors="0" timestamp="2024-11-12T21:04:49 EST" skipped="0">
  <testcase classname="streamExamples.S_Streams" name="S_StreamsTest" time="0.014"/>
  <system-out/>
</testsuite> <!-- streamExamples.S_Streams -->
