<?xml version="1.0" encoding="UTF-8"?>
<!-- Generated by org.testng.reporters.JUnitReportReporter -->
<testsuite hostname="BigLenovo" failures="0" tests="1" name="streamExamples.Z_Streams_FilteringWebElement" time="6.730" errors="0" timestamp="2023-06-01T17:02:44 EDT" skipped="0">
  <testcase classname="streamExamples.Z_Streams_FilteringWebElement" name="Z_Streams_FilteringWebElementTest" time="6.730"/>
  <system-out/>
</testsuite> <!-- streamExamples.Z_Streams_FilteringWebElement -->
