<?xml version="1.0" encoding="UTF-8"?>
<!-- Generated by org.testng.reporters.JUnitReportReporter -->
<testsuite hostname="BigLenovo" failures="0" tests="1" name="streamExamples.testing" time="3.775" errors="0" timestamp="2023-06-03T17:17:48 EDT" skipped="0">
  <testcase classname="streamExamples.testing" name="testingTest" time="3.775"/>
  <system-out/>
</testsuite> <!-- streamExamples.testing -->
