<?xml version="1.0" encoding="UTF-8"?>
<!-- Generated by org.testng.reporters.JUnitReportReporter -->
<testsuite hostname="BigLenovo" failures="0" tests="1" name="streamExamples.Q_Streams" time="9.464" errors="0" timestamp="2023-05-17T21:52:03 EDT" skipped="0">
  <testcase classname="streamExamples.Q_Streams" name="Q_StreamsTest" time="9.464"/>
  <system-out/>
</testsuite> <!-- streamExamples.Q_Streams -->
