<?xml version="1.0" encoding="UTF-8"?>
<!-- Generated by org.testng.reporters.JUnitReportReporter -->
<testsuite hostname="Ahmad" failures="0" tests="1" name="streamExamples.testingzzzzzzzzzzzzzzzz" time="0.086" errors="0" timestamp="2024-12-06T20:48:30 EST" skipped="0">
  <testcase classname="streamExamples.testingzzzzzzzzzzzzzzzz" name="basics1" time="0.086"/>
  <system-out/>
</testsuite> <!-- streamExamples.testingzzzzzzzzzzzzzzzz -->
