<?xml version="1.0" encoding="UTF-8"?>
<!-- Generated by org.testng.reporters.JUnitReportReporter -->
<testsuite hostname="Aelaina" failures="0" tests="1" name="streamExamples.E1_Streams_DeepDive_funct_multipleItems" time="4.165" errors="0" timestamp="2023-08-17T00:20:50 EDT" skipped="0">
  <testcase classname="streamExamples.E1_Streams_DeepDive_funct_multipleItems" name="E1_Streams_DeepDive_funct_multipleItemsTest" time="4.165"/>
  <system-out/>
</testsuite> <!-- streamExamples.E1_Streams_DeepDive_funct_multipleItems -->
