<?xml version="1.0" encoding="UTF-8"?>
<!-- Generated by org.testng.reporters.JUnitReportReporter -->
<testsuite hostname="BigLenovo" failures="0" tests="1" name="streamExamples.I_Streams" time="0.009" errors="0" timestamp="2023-05-16T23:14:37 EDT" skipped="0">
  <testcase classname="streamExamples.I_Streams" name="I_StreamsTest" time="0.009"/>
  <system-out/>
</testsuite> <!-- streamExamples.I_Streams -->
