<?xml version="1.0" encoding="UTF-8"?>
<!-- Generated by org.testng.reporters.JUnitReportReporter -->
<testsuite hostname="Ahmad" failures="0" tests="1" name="streamExamples.T_Steams" time="0.014" errors="0" timestamp="2024-11-12T21:06:58 EST" skipped="0">
  <testcase classname="streamExamples.T_Steams" name="T_SteamsTest" time="0.014"/>
  <system-out/>
</testsuite> <!-- streamExamples.T_Steams -->
