<?xml version="1.0" encoding="UTF-8"?>
<!-- Generated by org.testng.reporters.JUnitReportReporter -->
<testsuite hostname="BigLenovo" failures="0" tests="1" name="streamExamples.O_Streams" time="0.010" errors="0" timestamp="2023-05-17T19:48:21 EDT" skipped="0">
  <testcase classname="streamExamples.O_Streams" name="O_StreamsTest" time="0.010"/>
  <system-out/>
</testsuite> <!-- streamExamples.O_Streams -->
