<?xml version="1.0" encoding="UTF-8"?>
<!-- Generated by org.testng.reporters.JUnitReportReporter -->
<testsuite hostname="BigLenovo" failures="0" tests="1" name="streamExamples.G_Streams" time="0.010" errors="0" timestamp="2023-05-16T22:34:06 EDT" skipped="0">
  <testcase classname="streamExamples.G_Streams" name="G_StreamsTest" time="0.010"/>
  <system-out/>
</testsuite> <!-- streamExamples.G_Streams -->
