<?xml version="1.0" encoding="UTF-8"?>
<!-- Generated by org.testng.reporters.JUnitReportReporter -->
<testsuite hostname="BigLenovo" failures="0" tests="1" name="streamExamples.S_Streams" time="0.009" errors="0" timestamp="2023-05-18T01:15:38 EDT" skipped="0">
  <testcase classname="streamExamples.S_Streams" name="S_StreamsTest" time="0.009"/>
  <system-out/>
</testsuite> <!-- streamExamples.S_Streams -->
