<?xml version="1.0" encoding="UTF-8"?>
<!-- Generated by org.testng.reporters.JUnitReportReporter -->
<testsuite hostname="BigLenovo" failures="0" tests="1" name="streamExamples.zzz" time="4.224" errors="0" timestamp="2023-06-02T00:08:23 EDT" skipped="0">
  <testcase classname="streamExamples.zzz" name="zzzTest" time="4.224"/>
  <system-out/>
</testsuite> <!-- streamExamples.zzz -->
