<?xml version="1.0" encoding="UTF-8"?>
<!-- Generated by org.testng.reporters.JUnitReportReporter -->
<testsuite hostname="BigLenovo" failures="0" tests="1" name="streamExamples.L_Streams" time="0.014" errors="0" timestamp="2023-05-17T15:58:44 EDT" skipped="0">
  <testcase classname="streamExamples.L_Streams" name="L_Streamstest" time="0.014"/>
  <system-out/>
</testsuite> <!-- streamExamples.L_Streams -->
