<?xml version="1.0" encoding="UTF-8"?>
<!-- Generated by org.testng.reporters.JUnitReportReporter -->
<testsuite hostname="Aelaina" failures="0" tests="1" name="streamExamples.C1_Streams_DeepDive_Functional" time="7.494" errors="0" timestamp="2023-08-16T21:11:45 EDT" skipped="0">
  <testcase classname="streamExamples.C1_Streams_DeepDive_Functional" name="C1_Streams_DeepDive_FunctionalTest" time="7.494"/>
  <system-out/>
</testsuite> <!-- streamExamples.C1_Streams_DeepDive_Functional -->
