<?xml version="1.0" encoding="UTF-8"?>
<!-- Generated by org.testng.reporters.JUnitReportReporter -->
<testsuite hostname="Aelaina" failures="0" tests="1" name="streamExamples.C1_Streams_DeepDive_functional_multi" time="6.570" errors="0" timestamp="2023-08-19T20:45:32 EDT" skipped="0">
  <testcase classname="streamExamples.C1_Streams_DeepDive_functional_multi" name="F1_Streams_DeepDive_functional_multiTest" time="6.570"/>
  <system-out/>
</testsuite> <!-- streamExamples.C1_Streams_DeepDive_functional_multi -->
