<?xml version="1.0" encoding="UTF-8"?>
<!-- Generated by org.testng.reporters.JUnitReportReporter -->
<testsuite hostname="BigLenovo" failures="0" tests="1" name="streamExamples.R_Streams" time="0.011" errors="0" timestamp="2023-05-18T01:03:37 EDT" skipped="0">
  <testcase classname="streamExamples.R_Streams" name="R_StreamsTest" time="0.011"/>
  <system-out/>
</testsuite> <!-- streamExamples.R_Streams -->
