<?xml version="1.0" encoding="UTF-8"?>
<!-- Generated by org.testng.reporters.JUnitReportReporter -->
<testsuite hostname="BigLenovo" failures="0" tests="1" name="streamExamples.K_Streams" time="0.009" errors="0" timestamp="2023-05-17T15:23:26 EDT" skipped="0">
  <testcase classname="streamExamples.K_Streams" name="K_StreamsTest" time="0.009"/>
  <system-out/>
</testsuite> <!-- streamExamples.K_Streams -->
