<?xml version="1.0" encoding="UTF-8"?>
<!-- Generated by org.testng.reporters.JUnitReportReporter -->
<testsuite hostname="Aelaina" failures="0" tests="1" name="streamExamples.G1_Streams_DeepDive_functional_multi" time="7.678" errors="0" timestamp="2023-08-18T14:59:20 EDT" skipped="0">
  <testcase classname="streamExamples.G1_Streams_DeepDive_functional_multi" name="G1_Streams_DeepDive_functional_multiTest" time="7.678"/>
  <system-out/>
</testsuite> <!-- streamExamples.G1_Streams_DeepDive_functional_multi -->
